xrun(64): 23.09-s006: (c) Copyright 1995-2024 Cadence Design Systems, Inc.
TOOL:	xrun(64)	23.09-s006: Started on Jun 28, 2025 at 17:58:04 PKT
xrun
	-access +rwc
	-uvm
	-f file.f
		-uvmhome /home/cc/mnt/XCELIUM2309/tools/methodology/UVM/CDNS-1.1d
		-incdir ./sv
		-incdir ./tb
		./sv/yapp_pkg.sv
		./tb/top.sv
		+UVM_TESTNAME=exhaustive_test
		+UVM_VERBOSITY=UVM_HIGH
		+SVSEED=random

   User defined plus("+") options:
	+UVM_VERBOSITY=UVM_HIGH

DEFINE std       ./STD
|
xrun: *W,DLCPTH (/home/cc/mnt/XCELIUM2309/tools/inca/files/cdsvhdl.lib,1): cds.lib Invalid path '/home/cc/mnt/XCELIUM2309/tools/inca/files/STD' (cds.lib command ignored).
DEFINE synopsys  ./SYNOPSYS
|
xrun: *W,DLCPTH (/home/cc/mnt/XCELIUM2309/tools/inca/files/cdsvhdl.lib,2): cds.lib Invalid path '/home/cc/mnt/XCELIUM2309/tools/inca/files/SYNOPSYS' (cds.lib command ignored).
DEFINE ieee      ./IEEE
|
xrun: *W,DLCPTH (/home/cc/mnt/XCELIUM2309/tools/inca/files/cdsvhdl.lib,3): cds.lib Invalid path '/home/cc/mnt/XCELIUM2309/tools/inca/files/IEEE' (cds.lib command ignored).
DEFINE ambit     ./AMBIT
|
xrun: *W,DLCPTH (/home/cc/mnt/XCELIUM2309/tools/inca/files/cdsvhdl.lib,4): cds.lib Invalid path '/home/cc/mnt/XCELIUM2309/tools/inca/files/AMBIT' (cds.lib command ignored).
DEFINE vital_memory ./VITAL_MEMORY
|
xrun: *W,DLCPTH (/home/cc/mnt/XCELIUM2309/tools/inca/files/cdsvhdl.lib,5): cds.lib Invalid path '/home/cc/mnt/XCELIUM2309/tools/inca/files/VITAL_MEMORY' (cds.lib command ignored).
DEFINE ncutils ./NCUTILS
|
xrun: *W,DLCPTH (/home/cc/mnt/XCELIUM2309/tools/inca/files/cdsvhdl.lib,6): cds.lib Invalid path '/home/cc/mnt/XCELIUM2309/tools/inca/files/NCUTILS' (cds.lib command ignored).
DEFINE ncinternal ./NCINTERNAL
|
xrun: *W,DLCPTH (/home/cc/mnt/XCELIUM2309/tools/inca/files/cdsvhdl.lib,7): cds.lib Invalid path '/home/cc/mnt/XCELIUM2309/tools/inca/files/NCINTERNAL' (cds.lib command ignored).
DEFINE ncmodels ./NCMODELS
|
xrun: *W,DLCPTH (/home/cc/mnt/XCELIUM2309/tools/inca/files/cdsvhdl.lib,8): cds.lib Invalid path '/home/cc/mnt/XCELIUM2309/tools/inca/files/NCMODELS' (cds.lib command ignored).
DEFINE xmutils ./XMUTILS
|
xrun: *W,DLCPTH (/home/cc/mnt/XCELIUM2309/tools/inca/files/cdsvhdl.lib,9): cds.lib Invalid path '/home/cc/mnt/XCELIUM2309/tools/inca/files/XMUTILS' (cds.lib command ignored).
DEFINE xminternal ./XMINTERNAL
|
xrun: *W,DLCPTH (/home/cc/mnt/XCELIUM2309/tools/inca/files/cdsvhdl.lib,10): cds.lib Invalid path '/home/cc/mnt/XCELIUM2309/tools/inca/files/XMINTERNAL' (cds.lib command ignored).
DEFINE xmmodels ./XMMODELS
|
xrun: *W,DLCPTH (/home/cc/mnt/XCELIUM2309/tools/inca/files/cdsvhdl.lib,11): cds.lib Invalid path '/home/cc/mnt/XCELIUM2309/tools/inca/files/XMMODELS' (cds.lib command ignored).
DEFINE cds_assertions ./CDS_ASSERTIONS
|
xrun: *W,DLCPTH (/home/cc/mnt/XCELIUM2309/tools/inca/files/cdsvhdl.lib,12): cds.lib Invalid path '/home/cc/mnt/XCELIUM2309/tools/inca/files/CDS_ASSERTIONS' (cds.lib command ignored).
DEFINE cds_inhconn ./CDS_INHCONN
|
xrun: *W,DLCPTH (/home/cc/mnt/XCELIUM2309/tools/inca/files/cdsvhdl.lib,13): cds.lib Invalid path '/home/cc/mnt/XCELIUM2309/tools/inca/files/CDS_INHCONN' (cds.lib command ignored).
DEFINE cds_spicelib ./CDS_SPICELIB
|
xrun: *W,DLCPTH (/home/cc/mnt/XCELIUM2309/tools/inca/files/cdsvhdl.lib,14): cds.lib Invalid path '/home/cc/mnt/XCELIUM2309/tools/inca/files/CDS_SPICELIB' (cds.lib command ignored).
DEFINE cds_amsfunctions ./CDS_AMSFUNCTIONS
|
xrun: *W,DLCPTH (/home/cc/mnt/XCELIUM2309/tools/inca/files/cdsvhdl.lib,15): cds.lib Invalid path '/home/cc/mnt/XCELIUM2309/tools/inca/files/CDS_AMSFUNCTIONS' (cds.lib command ignored).
DEFINE std       ./STD
|
xrun: *W,DLCPTH (/home/cc/mnt/XCELIUM2309/tools/inca/files/cdsvhdl.lib,1): cds.lib Invalid path '/home/cc/mnt/XCELIUM2309/tools/inca/files/STD' (cds.lib command ignored).
DEFINE synopsys  ./SYNOPSYS
|
xrun: *W,DLCPTH (/home/cc/mnt/XCELIUM2309/tools/inca/files/cdsvhdl.lib,2): cds.lib Invalid path '/home/cc/mnt/XCELIUM2309/tools/inca/files/SYNOPSYS' (cds.lib command ignored).
DEFINE ieee      ./IEEE
|
xrun: *W,DLCPTH (/home/cc/mnt/XCELIUM2309/tools/inca/files/cdsvhdl.lib,3): cds.lib Invalid path '/home/cc/mnt/XCELIUM2309/tools/inca/files/IEEE' (cds.lib command ignored).
DEFINE ambit     ./AMBIT
|
xrun: *W,DLCPTH (/home/cc/mnt/XCELIUM2309/tools/inca/files/cdsvhdl.lib,4): cds.lib Invalid path '/home/cc/mnt/XCELIUM2309/tools/inca/files/AMBIT' (cds.lib command ignored).
DEFINE vital_memory ./VITAL_MEMORY
|
xrun: *W,DLCPTH (/home/cc/mnt/XCELIUM2309/tools/inca/files/cdsvhdl.lib,5): cds.lib Invalid path '/home/cc/mnt/XCELIUM2309/tools/inca/files/VITAL_MEMORY' (cds.lib command ignored).
DEFINE ncutils ./NCUTILS
|
xrun: *W,DLCPTH (/home/cc/mnt/XCELIUM2309/tools/inca/files/cdsvhdl.lib,6): cds.lib Invalid path '/home/cc/mnt/XCELIUM2309/tools/inca/files/NCUTILS' (cds.lib command ignored).
DEFINE ncinternal ./NCINTERNAL
|
xrun: *W,DLCPTH (/home/cc/mnt/XCELIUM2309/tools/inca/files/cdsvhdl.lib,7): cds.lib Invalid path '/home/cc/mnt/XCELIUM2309/tools/inca/files/NCINTERNAL' (cds.lib command ignored).
DEFINE ncmodels ./NCMODELS
|
xrun: *W,DLCPTH (/home/cc/mnt/XCELIUM2309/tools/inca/files/cdsvhdl.lib,8): cds.lib Invalid path '/home/cc/mnt/XCELIUM2309/tools/inca/files/NCMODELS' (cds.lib command ignored).
DEFINE xmutils ./XMUTILS
|
xrun: *W,DLCPTH (/home/cc/mnt/XCELIUM2309/tools/inca/files/cdsvhdl.lib,9): cds.lib Invalid path '/home/cc/mnt/XCELIUM2309/tools/inca/files/XMUTILS' (cds.lib command ignored).
DEFINE xminternal ./XMINTERNAL
|
xrun: *W,DLCPTH (/home/cc/mnt/XCELIUM2309/tools/inca/files/cdsvhdl.lib,10): cds.lib Invalid path '/home/cc/mnt/XCELIUM2309/tools/inca/files/XMINTERNAL' (cds.lib command ignored).
DEFINE xmmodels ./XMMODELS
|
xrun: *W,DLCPTH (/home/cc/mnt/XCELIUM2309/tools/inca/files/cdsvhdl.lib,11): cds.lib Invalid path '/home/cc/mnt/XCELIUM2309/tools/inca/files/XMMODELS' (cds.lib command ignored).
DEFINE cds_assertions ./CDS_ASSERTIONS
|
xrun: *W,DLCPTH (/home/cc/mnt/XCELIUM2309/tools/inca/files/cdsvhdl.lib,12): cds.lib Invalid path '/home/cc/mnt/XCELIUM2309/tools/inca/files/CDS_ASSERTIONS' (cds.lib command ignored).
DEFINE cds_inhconn ./CDS_INHCONN
|
xrun: *W,DLCPTH (/home/cc/mnt/XCELIUM2309/tools/inca/files/cdsvhdl.lib,13): cds.lib Invalid path '/home/cc/mnt/XCELIUM2309/tools/inca/files/CDS_INHCONN' (cds.lib command ignored).
DEFINE cds_spicelib ./CDS_SPICELIB
|
xrun: *W,DLCPTH (/home/cc/mnt/XCELIUM2309/tools/inca/files/cdsvhdl.lib,14): cds.lib Invalid path '/home/cc/mnt/XCELIUM2309/tools/inca/files/CDS_SPICELIB' (cds.lib command ignored).
DEFINE cds_amsfunctions ./CDS_AMSFUNCTIONS
|
xrun: *W,DLCPTH (/home/cc/mnt/XCELIUM2309/tools/inca/files/cdsvhdl.lib,15): cds.lib Invalid path '/home/cc/mnt/XCELIUM2309/tools/inca/files/CDS_AMSFUNCTIONS' (cds.lib command ignored).
DEFINE std       ./STD
|
xrun: *W,DLCPTH (/home/cc/mnt/XCELIUM2309/tools/inca/files/cdsvhdl.lib,1): cds.lib Invalid path '/home/cc/mnt/XCELIUM2309/tools/inca/files/STD' (cds.lib command ignored).
DEFINE synopsys  ./SYNOPSYS
|
xrun: *W,DLCPTH (/home/cc/mnt/XCELIUM2309/tools/inca/files/cdsvhdl.lib,2): cds.lib Invalid path '/home/cc/mnt/XCELIUM2309/tools/inca/files/SYNOPSYS' (cds.lib command ignored).
DEFINE ieee      ./IEEE
|
xrun: *W,DLCPTH (/home/cc/mnt/XCELIUM2309/tools/inca/files/cdsvhdl.lib,3): cds.lib Invalid path '/home/cc/mnt/XCELIUM2309/tools/inca/files/IEEE' (cds.lib command ignored).
DEFINE ambit     ./AMBIT
|
xrun: *W,DLCPTH (/home/cc/mnt/XCELIUM2309/tools/inca/files/cdsvhdl.lib,4): cds.lib Invalid path '/home/cc/mnt/XCELIUM2309/tools/inca/files/AMBIT' (cds.lib command ignored).
DEFINE vital_memory ./VITAL_MEMORY
|
xrun: *W,DLCPTH (/home/cc/mnt/XCELIUM2309/tools/inca/files/cdsvhdl.lib,5): cds.lib Invalid path '/home/cc/mnt/XCELIUM2309/tools/inca/files/VITAL_MEMORY' (cds.lib command ignored).
DEFINE ncutils ./NCUTILS
|
xrun: *W,DLCPTH (/home/cc/mnt/XCELIUM2309/tools/inca/files/cdsvhdl.lib,6): cds.lib Invalid path '/home/cc/mnt/XCELIUM2309/tools/inca/files/NCUTILS' (cds.lib command ignored).
DEFINE ncinternal ./NCINTERNAL
|
xrun: *W,DLCPTH (/home/cc/mnt/XCELIUM2309/tools/inca/files/cdsvhdl.lib,7): cds.lib Invalid path '/home/cc/mnt/XCELIUM2309/tools/inca/files/NCINTERNAL' (cds.lib command ignored).
DEFINE ncmodels ./NCMODELS
|
xrun: *W,DLCPTH (/home/cc/mnt/XCELIUM2309/tools/inca/files/cdsvhdl.lib,8): cds.lib Invalid path '/home/cc/mnt/XCELIUM2309/tools/inca/files/NCMODELS' (cds.lib command ignored).
DEFINE xmutils ./XMUTILS
|
xrun: *W,DLCPTH (/home/cc/mnt/XCELIUM2309/tools/inca/files/cdsvhdl.lib,9): cds.lib Invalid path '/home/cc/mnt/XCELIUM2309/tools/inca/files/XMUTILS' (cds.lib command ignored).
DEFINE xminternal ./XMINTERNAL
|
xrun: *W,DLCPTH (/home/cc/mnt/XCELIUM2309/tools/inca/files/cdsvhdl.lib,10): cds.lib Invalid path '/home/cc/mnt/XCELIUM2309/tools/inca/files/XMINTERNAL' (cds.lib command ignored).
DEFINE xmmodels ./XMMODELS
|
xrun: *W,DLCPTH (/home/cc/mnt/XCELIUM2309/tools/inca/files/cdsvhdl.lib,11): cds.lib Invalid path '/home/cc/mnt/XCELIUM2309/tools/inca/files/XMMODELS' (cds.lib command ignored).
DEFINE cds_assertions ./CDS_ASSERTIONS
|
xrun: *W,DLCPTH (/home/cc/mnt/XCELIUM2309/tools/inca/files/cdsvhdl.lib,12): cds.lib Invalid path '/home/cc/mnt/XCELIUM2309/tools/inca/files/CDS_ASSERTIONS' (cds.lib command ignored).
DEFINE cds_inhconn ./CDS_INHCONN
|
xrun: *W,DLCPTH (/home/cc/mnt/XCELIUM2309/tools/inca/files/cdsvhdl.lib,13): cds.lib Invalid path '/home/cc/mnt/XCELIUM2309/tools/inca/files/CDS_INHCONN' (cds.lib command ignored).
DEFINE cds_spicelib ./CDS_SPICELIB
|
xrun: *W,DLCPTH (/home/cc/mnt/XCELIUM2309/tools/inca/files/cdsvhdl.lib,14): cds.lib Invalid path '/home/cc/mnt/XCELIUM2309/tools/inca/files/CDS_SPICELIB' (cds.lib command ignored).
DEFINE cds_amsfunctions ./CDS_AMSFUNCTIONS
|
xrun: *W,DLCPTH (/home/cc/mnt/XCELIUM2309/tools/inca/files/cdsvhdl.lib,15): cds.lib Invalid path '/home/cc/mnt/XCELIUM2309/tools/inca/files/CDS_AMSFUNCTIONS' (cds.lib command ignored).
DEFINE std       ./STD
|
xrun: *W,DLCPTH (/home/cc/mnt/XCELIUM2309/tools/inca/files/cdsvhdl.lib,1): cds.lib Invalid path '/home/cc/mnt/XCELIUM2309/tools/inca/files/STD' (cds.lib command ignored).
DEFINE synopsys  ./SYNOPSYS
|
xrun: *W,DLCPTH (/home/cc/mnt/XCELIUM2309/tools/inca/files/cdsvhdl.lib,2): cds.lib Invalid path '/home/cc/mnt/XCELIUM2309/tools/inca/files/SYNOPSYS' (cds.lib command ignored).
DEFINE ieee      ./IEEE
|
xrun: *W,DLCPTH (/home/cc/mnt/XCELIUM2309/tools/inca/files/cdsvhdl.lib,3): cds.lib Invalid path '/home/cc/mnt/XCELIUM2309/tools/inca/files/IEEE' (cds.lib command ignored).
DEFINE ambit     ./AMBIT
|
xrun: *W,DLCPTH (/home/cc/mnt/XCELIUM2309/tools/inca/files/cdsvhdl.lib,4): cds.lib Invalid path '/home/cc/mnt/XCELIUM2309/tools/inca/files/AMBIT' (cds.lib command ignored).
DEFINE vital_memory ./VITAL_MEMORY
|
xrun: *W,DLCPTH (/home/cc/mnt/XCELIUM2309/tools/inca/files/cdsvhdl.lib,5): cds.lib Invalid path '/home/cc/mnt/XCELIUM2309/tools/inca/files/VITAL_MEMORY' (cds.lib command ignored).
DEFINE ncutils ./NCUTILS
|
xrun: *W,DLCPTH (/home/cc/mnt/XCELIUM2309/tools/inca/files/cdsvhdl.lib,6): cds.lib Invalid path '/home/cc/mnt/XCELIUM2309/tools/inca/files/NCUTILS' (cds.lib command ignored).
DEFINE ncinternal ./NCINTERNAL
|
xrun: *W,DLCPTH (/home/cc/mnt/XCELIUM2309/tools/inca/files/cdsvhdl.lib,7): cds.lib Invalid path '/home/cc/mnt/XCELIUM2309/tools/inca/files/NCINTERNAL' (cds.lib command ignored).
DEFINE ncmodels ./NCMODELS
|
xrun: *W,DLCPTH (/home/cc/mnt/XCELIUM2309/tools/inca/files/cdsvhdl.lib,8): cds.lib Invalid path '/home/cc/mnt/XCELIUM2309/tools/inca/files/NCMODELS' (cds.lib command ignored).
DEFINE xmutils ./XMUTILS
|
xrun: *W,DLCPTH (/home/cc/mnt/XCELIUM2309/tools/inca/files/cdsvhdl.lib,9): cds.lib Invalid path '/home/cc/mnt/XCELIUM2309/tools/inca/files/XMUTILS' (cds.lib command ignored).
DEFINE xminternal ./XMINTERNAL
|
xrun: *W,DLCPTH (/home/cc/mnt/XCELIUM2309/tools/inca/files/cdsvhdl.lib,10): cds.lib Invalid path '/home/cc/mnt/XCELIUM2309/tools/inca/files/XMINTERNAL' (cds.lib command ignored).
DEFINE xmmodels ./XMMODELS
|
xrun: *W,DLCPTH (/home/cc/mnt/XCELIUM2309/tools/inca/files/cdsvhdl.lib,11): cds.lib Invalid path '/home/cc/mnt/XCELIUM2309/tools/inca/files/XMMODELS' (cds.lib command ignored).
DEFINE cds_assertions ./CDS_ASSERTIONS
|
xrun: *W,DLCPTH (/home/cc/mnt/XCELIUM2309/tools/inca/files/cdsvhdl.lib,12): cds.lib Invalid path '/home/cc/mnt/XCELIUM2309/tools/inca/files/CDS_ASSERTIONS' (cds.lib command ignored).
DEFINE cds_inhconn ./CDS_INHCONN
|
xrun: *W,DLCPTH (/home/cc/mnt/XCELIUM2309/tools/inca/files/cdsvhdl.lib,13): cds.lib Invalid path '/home/cc/mnt/XCELIUM2309/tools/inca/files/CDS_INHCONN' (cds.lib command ignored).
DEFINE cds_spicelib ./CDS_SPICELIB
|
xrun: *W,DLCPTH (/home/cc/mnt/XCELIUM2309/tools/inca/files/cdsvhdl.lib,14): cds.lib Invalid path '/home/cc/mnt/XCELIUM2309/tools/inca/files/CDS_SPICELIB' (cds.lib command ignored).
DEFINE cds_amsfunctions ./CDS_AMSFUNCTIONS
|
xrun: *W,DLCPTH (/home/cc/mnt/XCELIUM2309/tools/inca/files/cdsvhdl.lib,15): cds.lib Invalid path '/home/cc/mnt/XCELIUM2309/tools/inca/files/CDS_AMSFUNCTIONS' (cds.lib command ignored).
DEFINE std       ./STD
|
xrun: *W,DLCPTH (/home/cc/mnt/XCELIUM2309/tools/inca/files/cdsvhdl.lib,1): cds.lib Invalid path '/home/cc/mnt/XCELIUM2309/tools/inca/files/STD' (cds.lib command ignored).
DEFINE synopsys  ./SYNOPSYS
|
xrun: *W,DLCPTH (/home/cc/mnt/XCELIUM2309/tools/inca/files/cdsvhdl.lib,2): cds.lib Invalid path '/home/cc/mnt/XCELIUM2309/tools/inca/files/SYNOPSYS' (cds.lib command ignored).
DEFINE ieee      ./IEEE
|
xrun: *W,DLCPTH (/home/cc/mnt/XCELIUM2309/tools/inca/files/cdsvhdl.lib,3): cds.lib Invalid path '/home/cc/mnt/XCELIUM2309/tools/inca/files/IEEE' (cds.lib command ignored).
DEFINE ambit     ./AMBIT
|
xrun: *W,DLCPTH (/home/cc/mnt/XCELIUM2309/tools/inca/files/cdsvhdl.lib,4): cds.lib Invalid path '/home/cc/mnt/XCELIUM2309/tools/inca/files/AMBIT' (cds.lib command ignored).
DEFINE vital_memory ./VITAL_MEMORY
|
xrun: *W,DLCPTH (/home/cc/mnt/XCELIUM2309/tools/inca/files/cdsvhdl.lib,5): cds.lib Invalid path '/home/cc/mnt/XCELIUM2309/tools/inca/files/VITAL_MEMORY' (cds.lib command ignored).
DEFINE ncutils ./NCUTILS
|
xrun: *W,DLCPTH (/home/cc/mnt/XCELIUM2309/tools/inca/files/cdsvhdl.lib,6): cds.lib Invalid path '/home/cc/mnt/XCELIUM2309/tools/inca/files/NCUTILS' (cds.lib command ignored).
DEFINE ncinternal ./NCINTERNAL
|
xrun: *W,DLCPTH (/home/cc/mnt/XCELIUM2309/tools/inca/files/cdsvhdl.lib,7): cds.lib Invalid path '/home/cc/mnt/XCELIUM2309/tools/inca/files/NCINTERNAL' (cds.lib command ignored).
DEFINE ncmodels ./NCMODELS
|
xrun: *W,DLCPTH (/home/cc/mnt/XCELIUM2309/tools/inca/files/cdsvhdl.lib,8): cds.lib Invalid path '/home/cc/mnt/XCELIUM2309/tools/inca/files/NCMODELS' (cds.lib command ignored).
DEFINE xmutils ./XMUTILS
|
xrun: *W,DLCPTH (/home/cc/mnt/XCELIUM2309/tools/inca/files/cdsvhdl.lib,9): cds.lib Invalid path '/home/cc/mnt/XCELIUM2309/tools/inca/files/XMUTILS' (cds.lib command ignored).
DEFINE xminternal ./XMINTERNAL
|
xrun: *W,DLCPTH (/home/cc/mnt/XCELIUM2309/tools/inca/files/cdsvhdl.lib,10): cds.lib Invalid path '/home/cc/mnt/XCELIUM2309/tools/inca/files/XMINTERNAL' (cds.lib command ignored).
DEFINE xmmodels ./XMMODELS
|
xrun: *W,DLCPTH (/home/cc/mnt/XCELIUM2309/tools/inca/files/cdsvhdl.lib,11): cds.lib Invalid path '/home/cc/mnt/XCELIUM2309/tools/inca/files/XMMODELS' (cds.lib command ignored).
DEFINE cds_assertions ./CDS_ASSERTIONS
|
xrun: *W,DLCPTH (/home/cc/mnt/XCELIUM2309/tools/inca/files/cdsvhdl.lib,12): cds.lib Invalid path '/home/cc/mnt/XCELIUM2309/tools/inca/files/CDS_ASSERTIONS' (cds.lib command ignored).
DEFINE cds_inhconn ./CDS_INHCONN
|
xrun: *W,DLCPTH (/home/cc/mnt/XCELIUM2309/tools/inca/files/cdsvhdl.lib,13): cds.lib Invalid path '/home/cc/mnt/XCELIUM2309/tools/inca/files/CDS_INHCONN' (cds.lib command ignored).
DEFINE cds_spicelib ./CDS_SPICELIB
|
xrun: *W,DLCPTH (/home/cc/mnt/XCELIUM2309/tools/inca/files/cdsvhdl.lib,14): cds.lib Invalid path '/home/cc/mnt/XCELIUM2309/tools/inca/files/CDS_SPICELIB' (cds.lib command ignored).
DEFINE cds_amsfunctions ./CDS_AMSFUNCTIONS
|
xrun: *W,DLCPTH (/home/cc/mnt/XCELIUM2309/tools/inca/files/cdsvhdl.lib,15): cds.lib Invalid path '/home/cc/mnt/XCELIUM2309/tools/inca/files/CDS_AMSFUNCTIONS' (cds.lib command ignored).
DEFINE std       ./STD
|
xrun: *W,DLCPTH (/home/cc/mnt/XCELIUM2309/tools/inca/files/cdsvhdl.lib,1): cds.lib Invalid path '/home/cc/mnt/XCELIUM2309/tools/inca/files/STD' (cds.lib command ignored).
DEFINE synopsys  ./SYNOPSYS
|
xrun: *W,DLCPTH (/home/cc/mnt/XCELIUM2309/tools/inca/files/cdsvhdl.lib,2): cds.lib Invalid path '/home/cc/mnt/XCELIUM2309/tools/inca/files/SYNOPSYS' (cds.lib command ignored).
DEFINE ieee      ./IEEE
|
xrun: *W,DLCPTH (/home/cc/mnt/XCELIUM2309/tools/inca/files/cdsvhdl.lib,3): cds.lib Invalid path '/home/cc/mnt/XCELIUM2309/tools/inca/files/IEEE' (cds.lib command ignored).
DEFINE ambit     ./AMBIT
|
xrun: *W,DLCPTH (/home/cc/mnt/XCELIUM2309/tools/inca/files/cdsvhdl.lib,4): cds.lib Invalid path '/home/cc/mnt/XCELIUM2309/tools/inca/files/AMBIT' (cds.lib command ignored).
DEFINE vital_memory ./VITAL_MEMORY
|
xrun: *W,DLCPTH (/home/cc/mnt/XCELIUM2309/tools/inca/files/cdsvhdl.lib,5): cds.lib Invalid path '/home/cc/mnt/XCELIUM2309/tools/inca/files/VITAL_MEMORY' (cds.lib command ignored).
DEFINE ncutils ./NCUTILS
|
xrun: *W,DLCPTH (/home/cc/mnt/XCELIUM2309/tools/inca/files/cdsvhdl.lib,6): cds.lib Invalid path '/home/cc/mnt/XCELIUM2309/tools/inca/files/NCUTILS' (cds.lib command ignored).
DEFINE ncinternal ./NCINTERNAL
|
xrun: *W,DLCPTH (/home/cc/mnt/XCELIUM2309/tools/inca/files/cdsvhdl.lib,7): cds.lib Invalid path '/home/cc/mnt/XCELIUM2309/tools/inca/files/NCINTERNAL' (cds.lib command ignored).
DEFINE ncmodels ./NCMODELS
|
xrun: *W,DLCPTH (/home/cc/mnt/XCELIUM2309/tools/inca/files/cdsvhdl.lib,8): cds.lib Invalid path '/home/cc/mnt/XCELIUM2309/tools/inca/files/NCMODELS' (cds.lib command ignored).
DEFINE xmutils ./XMUTILS
|
xrun: *W,DLCPTH (/home/cc/mnt/XCELIUM2309/tools/inca/files/cdsvhdl.lib,9): cds.lib Invalid path '/home/cc/mnt/XCELIUM2309/tools/inca/files/XMUTILS' (cds.lib command ignored).
DEFINE xminternal ./XMINTERNAL
|
xrun: *W,DLCPTH (/home/cc/mnt/XCELIUM2309/tools/inca/files/cdsvhdl.lib,10): cds.lib Invalid path '/home/cc/mnt/XCELIUM2309/tools/inca/files/XMINTERNAL' (cds.lib command ignored).
DEFINE xmmodels ./XMMODELS
|
xrun: *W,DLCPTH (/home/cc/mnt/XCELIUM2309/tools/inca/files/cdsvhdl.lib,11): cds.lib Invalid path '/home/cc/mnt/XCELIUM2309/tools/inca/files/XMMODELS' (cds.lib command ignored).
DEFINE cds_assertions ./CDS_ASSERTIONS
|
xrun: *W,DLCPTH (/home/cc/mnt/XCELIUM2309/tools/inca/files/cdsvhdl.lib,12): cds.lib Invalid path '/home/cc/mnt/XCELIUM2309/tools/inca/files/CDS_ASSERTIONS' (cds.lib command ignored).
DEFINE cds_inhconn ./CDS_INHCONN
|
xrun: *W,DLCPTH (/home/cc/mnt/XCELIUM2309/tools/inca/files/cdsvhdl.lib,13): cds.lib Invalid path '/home/cc/mnt/XCELIUM2309/tools/inca/files/CDS_INHCONN' (cds.lib command ignored).
DEFINE cds_spicelib ./CDS_SPICELIB
|
xrun: *W,DLCPTH (/home/cc/mnt/XCELIUM2309/tools/inca/files/cdsvhdl.lib,14): cds.lib Invalid path '/home/cc/mnt/XCELIUM2309/tools/inca/files/CDS_SPICELIB' (cds.lib command ignored).
DEFINE cds_amsfunctions ./CDS_AMSFUNCTIONS
|
xrun: *W,DLCPTH (/home/cc/mnt/XCELIUM2309/tools/inca/files/cdsvhdl.lib,15): cds.lib Invalid path '/home/cc/mnt/XCELIUM2309/tools/inca/files/CDS_AMSFUNCTIONS' (cds.lib command ignored).
DEFINE std       ./STD
|
xmsim: *W,DLCPTH (/home/cc/mnt/XCELIUM2309/tools/inca/files/cdsvhdl.lib,1): cds.lib Invalid path '/home/cc/mnt/XCELIUM2309/tools/inca/files/STD' (cds.lib command ignored).
DEFINE synopsys  ./SYNOPSYS
|
xmsim: *W,DLCPTH (/home/cc/mnt/XCELIUM2309/tools/inca/files/cdsvhdl.lib,2): cds.lib Invalid path '/home/cc/mnt/XCELIUM2309/tools/inca/files/SYNOPSYS' (cds.lib command ignored).
DEFINE ieee      ./IEEE
|
xmsim: *W,DLCPTH (/home/cc/mnt/XCELIUM2309/tools/inca/files/cdsvhdl.lib,3): cds.lib Invalid path '/home/cc/mnt/XCELIUM2309/tools/inca/files/IEEE' (cds.lib command ignored).
DEFINE ambit     ./AMBIT
|
xmsim: *W,DLCPTH (/home/cc/mnt/XCELIUM2309/tools/inca/files/cdsvhdl.lib,4): cds.lib Invalid path '/home/cc/mnt/XCELIUM2309/tools/inca/files/AMBIT' (cds.lib command ignored).
DEFINE vital_memory ./VITAL_MEMORY
|
xmsim: *W,DLCPTH (/home/cc/mnt/XCELIUM2309/tools/inca/files/cdsvhdl.lib,5): cds.lib Invalid path '/home/cc/mnt/XCELIUM2309/tools/inca/files/VITAL_MEMORY' (cds.lib command ignored).
DEFINE ncutils ./NCUTILS
|
xmsim: *W,DLCPTH (/home/cc/mnt/XCELIUM2309/tools/inca/files/cdsvhdl.lib,6): cds.lib Invalid path '/home/cc/mnt/XCELIUM2309/tools/inca/files/NCUTILS' (cds.lib command ignored).
DEFINE ncinternal ./NCINTERNAL
|
xmsim: *W,DLCPTH (/home/cc/mnt/XCELIUM2309/tools/inca/files/cdsvhdl.lib,7): cds.lib Invalid path '/home/cc/mnt/XCELIUM2309/tools/inca/files/NCINTERNAL' (cds.lib command ignored).
DEFINE ncmodels ./NCMODELS
|
xmsim: *W,DLCPTH (/home/cc/mnt/XCELIUM2309/tools/inca/files/cdsvhdl.lib,8): cds.lib Invalid path '/home/cc/mnt/XCELIUM2309/tools/inca/files/NCMODELS' (cds.lib command ignored).
DEFINE xmutils ./XMUTILS
|
xmsim: *W,DLCPTH (/home/cc/mnt/XCELIUM2309/tools/inca/files/cdsvhdl.lib,9): cds.lib Invalid path '/home/cc/mnt/XCELIUM2309/tools/inca/files/XMUTILS' (cds.lib command ignored).
DEFINE xminternal ./XMINTERNAL
|
xmsim: *W,DLCPTH (/home/cc/mnt/XCELIUM2309/tools/inca/files/cdsvhdl.lib,10): cds.lib Invalid path '/home/cc/mnt/XCELIUM2309/tools/inca/files/XMINTERNAL' (cds.lib command ignored).
DEFINE xmmodels ./XMMODELS
|
xmsim: *W,DLCPTH (/home/cc/mnt/XCELIUM2309/tools/inca/files/cdsvhdl.lib,11): cds.lib Invalid path '/home/cc/mnt/XCELIUM2309/tools/inca/files/XMMODELS' (cds.lib command ignored).
DEFINE cds_assertions ./CDS_ASSERTIONS
|
xmsim: *W,DLCPTH (/home/cc/mnt/XCELIUM2309/tools/inca/files/cdsvhdl.lib,12): cds.lib Invalid path '/home/cc/mnt/XCELIUM2309/tools/inca/files/CDS_ASSERTIONS' (cds.lib command ignored).
DEFINE cds_inhconn ./CDS_INHCONN
|
xmsim: *W,DLCPTH (/home/cc/mnt/XCELIUM2309/tools/inca/files/cdsvhdl.lib,13): cds.lib Invalid path '/home/cc/mnt/XCELIUM2309/tools/inca/files/CDS_INHCONN' (cds.lib command ignored).
DEFINE cds_spicelib ./CDS_SPICELIB
|
xmsim: *W,DLCPTH (/home/cc/mnt/XCELIUM2309/tools/inca/files/cdsvhdl.lib,14): cds.lib Invalid path '/home/cc/mnt/XCELIUM2309/tools/inca/files/CDS_SPICELIB' (cds.lib command ignored).
DEFINE cds_amsfunctions ./CDS_AMSFUNCTIONS
|
xmsim: *W,DLCPTH (/home/cc/mnt/XCELIUM2309/tools/inca/files/cdsvhdl.lib,15): cds.lib Invalid path '/home/cc/mnt/XCELIUM2309/tools/inca/files/CDS_AMSFUNCTIONS' (cds.lib command ignored).
Loading snapshot worklib.top:sv .................... Done
SVSEED set randomly from command line: 2127664997
xcelium> source /home/cc/mnt/XCELIUM2309/tools/xcelium/files/xmsimrc
xcelium> source /home/cc/mnt/XCELIUM2309/tools/methodology/UVM/CDNS-1.1d/additions/sv/files/tcl/uvm_sim.tcl
xcelium> run
----------------------------------------------------------------
CDNS-UVM-1.1d (23.09-s006)
(C) 2007-2013 Mentor Graphics Corporation
(C) 2007-2013 Cadence Design Systems, Inc.
(C) 2006-2013 Synopsys, Inc.
(C) 2011-2013 Cypress Semiconductor Corp.
----------------------------------------------------------------

  ***********       IMPORTANT RELEASE NOTES         ************

  You are using a version of the UVM library that has been compiled
  with `UVM_NO_DEPRECATED undefined.
  See http://www.eda.org/svdb/view.php?id=3313 for more details.

  You are using a version of the UVM library that has been compiled
  with `UVM_OBJECT_MUST_HAVE_CONSTRUCTOR undefined.
  See http://www.eda.org/svdb/view.php?id=3770 for more details.

      (Specify +UVM_NO_RELNOTES to turn off this notice)

UVM_INFO @ 0: reporter [RNTST] Running test exhaustive_test...
UVM_INFO ./tb/router_test_lib.sv(20) @ 0: uvm_test_top [test_phase] Build phase of test is executing
UVM_INFO ./tb/router_tb.sv(20) @ 0: uvm_test_top.inst_tb [build_phase] Build base of base test is executing
UVM_INFO @ 0: reporter [UVMTOP] UVM testbench topology:
-----------------------------------------------------------------------
Name                          Type                     Size  Value     
-----------------------------------------------------------------------
uvm_test_top                  exhaustive_test          -     @2669     
  inst_tb                     router_tb                -     @2745     
    environment               yapp_env                 -     @2795     
      agent                   yapp_tx_agent            -     @2830     
        driver                yapp_driver              -     @2865     
          rsp_port            uvm_analysis_port        -     @2969     
            recording_detail  integral                 32    'd1       
          seq_item_port       uvm_seq_item_pull_port   -     @2918     
            recording_detail  integral                 32    'd1       
          recording_detail    integral                 32    'd1       
        monitor               yapp_tx_monitor          -     @3637     
          recording_detail    integral                 32    'd1       
        sequencer             yapp_tx_sequencer        -     @2948     
          rsp_export          uvm_analysis_export      -     @3059     
            recording_detail  integral                 32    'd1       
          seq_item_export     uvm_seq_item_pull_imp    -     @3607     
            recording_detail  integral                 32    'd1       
          recording_detail    integral                 32    'd1       
          arbitration_queue   array                    0     -         
          lock_queue          array                    0     -         
          num_last_reqs       integral                 32    'd1       
          num_last_rsps       integral                 32    'd1       
        is_active             uvm_active_passive_enum  1     UVM_ACTIVE
        recording_detail      integral                 32    'd1       
      recording_detail        integral                 32    'd1       
-----------------------------------------------------------------------

UVM_INFO ./sv/yapp_tx_driver.sv(25) @ 0: uvm_test_top.inst_tb.environment.agent.driver [yapp_driver] Running Simulation in Driver class
UVM_INFO ./sv/yapp_tx_monitor.sv(16) @ 0: uvm_test_top.inst_tb.environment.agent.monitor [yapp_tx_monitor] Running Simulation in Monitor class
UVM_INFO ./sv/yapp_tx_sequencer.sv(10) @ 0: uvm_test_top.inst_tb.environment.agent.sequencer [yapp_tx_sequencer] Running Simulation in Sequencer class
UVM_INFO ./sv/yapp_tx_agent.sv(41) @ 0: uvm_test_top.inst_tb.environment.agent [yapp_tx_agent] Running Simulation in Agent class
UVM_INFO ./sv/yapp_tx_env.sv(18) @ 0: uvm_test_top.inst_tb.environment [yapp_env] Running Simulation in Environment class
UVM_INFO ./tb/router_test_lib.sv(28) @ 0: uvm_test_top [exhaustive_test] Running Simulation in Test class
SDI/Verilog Transaction Recording Facility Version 23.09-s006
UVM_INFO ./sv/yapp_tx_monitor.sv(11) @ 0: uvm_test_top.inst_tb.environment.agent.monitor [yapp_tx_monitor] Running Simulation in Monitor class
UVM_INFO ./sv/yapp_tx_seqs.sv(21) @ 0: uvm_test_top.inst_tb.environment.agent.sequencer@@yapp_exhaustive_seq [yapp_exhaustive_seq] raise objection
UVM_INFO ./sv/yapp_tx_seqs.sv(259) @ 0: uvm_test_top.inst_tb.environment.agent.sequencer@@yapp_exhaustive_seq [yapp_exhaustive_seq] Executing yapp_exhaustive_seq sequence
UVM_INFO ./sv/yapp_tx_seqs.sv(208) @ 0: uvm_test_top.inst_tb.environment.agent.sequencer@@yapp_exhaustive_seq.y_seq_rand [Counting in yapp_rnd_seq] Packet is = 3
UVM_INFO ./sv/yapp_tx_driver.sv(21) @ 10: uvm_test_top.inst_tb.environment.agent.driver [DRIVER] Packet is 
---------------------------------------------------------------------------------------------------------------------------------------
Name                           Type               Size  Value                                                                          
---------------------------------------------------------------------------------------------------------------------------------------
req                            short_yapp_packet  -     @3702                                                                          
  addr                         integral           2     'h2                                                                            
  length                       integral           6     'hd                                                                            
  payload                      da(integral)       13    -                                                                              
    [0]                        integral           8     'h3b                                                                           
    [1]                        integral           8     'h59                                                                           
    [2]                        integral           8     'h84                                                                           
    [3]                        integral           8     'ha1                                                                           
    [4]                        integral           8     'hf0                                                                           
    ...                        ...                ...   ...                                                                            
    [8]                        integral           8     'h96                                                                           
    [9]                        integral           8     'hfb                                                                           
    [10]                       integral           8     'h5f                                                                           
    [11]                       integral           8     'hcd                                                                           
    [12]                       integral           8     'h54                                                                           
  parity                       integral           8     'hb7                                                                           
  parity_type                  parity_type_e      32    GOOD_PARITY                                                                    
  packet_delay                 integral           1     'h1                                                                            
  begin_time                   time               64    0                                                                              
  depth                        int                32    'd3                                                                            
  parent sequence (name)       string             10    y_seq_rand                                                                     
  parent sequence (full name)  string             79    uvm_test_top.inst_tb.environment.agent.sequencer.yapp_exhaustive_seq.y_seq_rand
  sequencer                    string             48    uvm_test_top.inst_tb.environment.agent.sequencer                               
---------------------------------------------------------------------------------------------------------------------------------------

UVM_INFO ./sv/yapp_tx_seqs.sv(208) @ 10: uvm_test_top.inst_tb.environment.agent.sequencer@@yapp_exhaustive_seq.y_seq_rand [Counting in yapp_rnd_seq] Packet is = 3
UVM_INFO ./sv/yapp_tx_driver.sv(21) @ 20: uvm_test_top.inst_tb.environment.agent.driver [DRIVER] Packet is 
---------------------------------------------------------------------------------------------------------------------------------------
Name                           Type               Size  Value                                                                          
---------------------------------------------------------------------------------------------------------------------------------------
req                            short_yapp_packet  -     @3889                                                                          
  addr                         integral           2     'h0                                                                            
  length                       integral           6     'h5                                                                            
  payload                      da(integral)       5     -                                                                              
    [0]                        integral           8     'hce                                                                           
    [1]                        integral           8     'h39                                                                           
    [2]                        integral           8     'hf0                                                                           
    [3]                        integral           8     'h30                                                                           
    [4]                        integral           8     'hbe                                                                           
  parity                       integral           8     'h9d                                                                           
  parity_type                  parity_type_e      32    GOOD_PARITY                                                                    
  packet_delay                 integral           1     'h1                                                                            
  begin_time                   time               64    10                                                                             
  depth                        int                32    'd3                                                                            
  parent sequence (name)       string             10    y_seq_rand                                                                     
  parent sequence (full name)  string             79    uvm_test_top.inst_tb.environment.agent.sequencer.yapp_exhaustive_seq.y_seq_rand
  sequencer                    string             48    uvm_test_top.inst_tb.environment.agent.sequencer                               
---------------------------------------------------------------------------------------------------------------------------------------

UVM_INFO ./sv/yapp_tx_seqs.sv(208) @ 20: uvm_test_top.inst_tb.environment.agent.sequencer@@yapp_exhaustive_seq.y_seq_rand [Counting in yapp_rnd_seq] Packet is = 3
UVM_INFO ./sv/yapp_tx_driver.sv(21) @ 30: uvm_test_top.inst_tb.environment.agent.driver [DRIVER] Packet is 
---------------------------------------------------------------------------------------------------------------------------------------
Name                           Type               Size  Value                                                                          
---------------------------------------------------------------------------------------------------------------------------------------
req                            short_yapp_packet  -     @3842                                                                          
  addr                         integral           2     'h1                                                                            
  length                       integral           6     'he                                                                            
  payload                      da(integral)       14    -                                                                              
    [0]                        integral           8     'hc2                                                                           
    [1]                        integral           8     'h8c                                                                           
    [2]                        integral           8     'he2                                                                           
    [3]                        integral           8     'ha7                                                                           
    [4]                        integral           8     'h46                                                                           
    ...                        ...                ...   ...                                                                            
    [9]                        integral           8     'h56                                                                           
    [10]                       integral           8     'h85                                                                           
    [11]                       integral           8     'hb8                                                                           
    [12]                       integral           8     'h77                                                                           
    [13]                       integral           8     'hdc                                                                           
  parity                       integral           8     'hf1                                                                           
  parity_type                  parity_type_e      32    GOOD_PARITY                                                                    
  packet_delay                 integral           1     'h1                                                                            
  begin_time                   time               64    20                                                                             
  depth                        int                32    'd3                                                                            
  parent sequence (name)       string             10    y_seq_rand                                                                     
  parent sequence (full name)  string             79    uvm_test_top.inst_tb.environment.agent.sequencer.yapp_exhaustive_seq.y_seq_rand
  sequencer                    string             48    uvm_test_top.inst_tb.environment.agent.sequencer                               
---------------------------------------------------------------------------------------------------------------------------------------

UVM_INFO ./sv/yapp_tx_seqs.sv(208) @ 30: uvm_test_top.inst_tb.environment.agent.sequencer@@yapp_exhaustive_seq.y_seq_six.rand_seq [Counting in yapp_rnd_seq] Packet is = 6
UVM_INFO ./sv/yapp_tx_driver.sv(21) @ 40: uvm_test_top.inst_tb.environment.agent.driver [DRIVER] Packet is 
-----------------------------------------------------------------------------------------------------------------------------------------------
Name                           Type               Size  Value                                                                                  
-----------------------------------------------------------------------------------------------------------------------------------------------
req                            short_yapp_packet  -     @3884                                                                                  
  addr                         integral           2     'h2                                                                                    
  length                       integral           6     'h4                                                                                    
  payload                      da(integral)       4     -                                                                                      
    [0]                        integral           8     'h26                                                                                   
    [1]                        integral           8     'h6f                                                                                   
    [2]                        integral           8     'h29                                                                                   
    [3]                        integral           8     'hd4                                                                                   
  parity                       integral           8     'ha6                                                                                   
  parity_type                  parity_type_e      32    GOOD_PARITY                                                                            
  packet_delay                 integral           1     'h1                                                                                    
  begin_time                   time               64    30                                                                                     
  depth                        int                32    'd4                                                                                    
  parent sequence (name)       string             8     rand_seq                                                                               
  parent sequence (full name)  string             87    uvm_test_top.inst_tb.environment.agent.sequencer.yapp_exhaustive_seq.y_seq_six.rand_seq
  sequencer                    string             48    uvm_test_top.inst_tb.environment.agent.sequencer                                       
-----------------------------------------------------------------------------------------------------------------------------------------------

UVM_INFO ./sv/yapp_tx_seqs.sv(208) @ 40: uvm_test_top.inst_tb.environment.agent.sequencer@@yapp_exhaustive_seq.y_seq_six.rand_seq [Counting in yapp_rnd_seq] Packet is = 6
UVM_INFO ./sv/yapp_tx_driver.sv(21) @ 50: uvm_test_top.inst_tb.environment.agent.driver [DRIVER] Packet is 
-----------------------------------------------------------------------------------------------------------------------------------------------
Name                           Type               Size  Value                                                                                  
-----------------------------------------------------------------------------------------------------------------------------------------------
req                            short_yapp_packet  -     @3830                                                                                  
  addr                         integral           2     'h2                                                                                    
  length                       integral           6     'h4                                                                                    
  payload                      da(integral)       4     -                                                                                      
    [0]                        integral           8     'h68                                                                                   
    [1]                        integral           8     'h44                                                                                   
    [2]                        integral           8     'hb6                                                                                   
    [3]                        integral           8     'hff                                                                                   
  parity                       integral           8     'h77                                                                                   
  parity_type                  parity_type_e      32    GOOD_PARITY                                                                            
  packet_delay                 integral           1     'h1                                                                                    
  begin_time                   time               64    40                                                                                     
  depth                        int                32    'd4                                                                                    
  parent sequence (name)       string             8     rand_seq                                                                               
  parent sequence (full name)  string             87    uvm_test_top.inst_tb.environment.agent.sequencer.yapp_exhaustive_seq.y_seq_six.rand_seq
  sequencer                    string             48    uvm_test_top.inst_tb.environment.agent.sequencer                                       
-----------------------------------------------------------------------------------------------------------------------------------------------

UVM_INFO ./sv/yapp_tx_seqs.sv(208) @ 50: uvm_test_top.inst_tb.environment.agent.sequencer@@yapp_exhaustive_seq.y_seq_six.rand_seq [Counting in yapp_rnd_seq] Packet is = 6
UVM_INFO ./sv/yapp_tx_driver.sv(21) @ 60: uvm_test_top.inst_tb.environment.agent.driver [DRIVER] Packet is 
-----------------------------------------------------------------------------------------------------------------------------------------------
Name                           Type               Size  Value                                                                                  
-----------------------------------------------------------------------------------------------------------------------------------------------
req                            short_yapp_packet  -     @3857                                                                                  
  addr                         integral           2     'h2                                                                                    
  length                       integral           6     'hd                                                                                    
  payload                      da(integral)       13    -                                                                                      
    [0]                        integral           8     'h16                                                                                   
    [1]                        integral           8     'h46                                                                                   
    [2]                        integral           8     'h97                                                                                   
    [3]                        integral           8     'hd2                                                                                   
    [4]                        integral           8     'hb3                                                                                   
    ...                        ...                ...   ...                                                                                    
    [8]                        integral           8     'hd7                                                                                   
    [9]                        integral           8     'h6e                                                                                   
    [10]                       integral           8     'hf0                                                                                   
    [11]                       integral           8     'h9c                                                                                   
    [12]                       integral           8     'h0                                                                                    
  parity                       integral           8     'h87                                                                                   
  parity_type                  parity_type_e      32    BAD_PARITY                                                                             
  packet_delay                 integral           1     'h1                                                                                    
  begin_time                   time               64    50                                                                                     
  depth                        int                32    'd4                                                                                    
  parent sequence (name)       string             8     rand_seq                                                                               
  parent sequence (full name)  string             87    uvm_test_top.inst_tb.environment.agent.sequencer.yapp_exhaustive_seq.y_seq_six.rand_seq
  sequencer                    string             48    uvm_test_top.inst_tb.environment.agent.sequencer                                       
-----------------------------------------------------------------------------------------------------------------------------------------------

UVM_INFO ./sv/yapp_tx_seqs.sv(208) @ 60: uvm_test_top.inst_tb.environment.agent.sequencer@@yapp_exhaustive_seq.y_seq_six.rand_seq [Counting in yapp_rnd_seq] Packet is = 6
UVM_INFO ./sv/yapp_tx_driver.sv(21) @ 70: uvm_test_top.inst_tb.environment.agent.driver [DRIVER] Packet is 
-----------------------------------------------------------------------------------------------------------------------------------------------
Name                           Type               Size  Value                                                                                  
-----------------------------------------------------------------------------------------------------------------------------------------------
req                            short_yapp_packet  -     @3934                                                                                  
  addr                         integral           2     'h0                                                                                    
  length                       integral           6     'he                                                                                    
  payload                      da(integral)       14    -                                                                                      
    [0]                        integral           8     'h55                                                                                   
    [1]                        integral           8     'hc5                                                                                   
    [2]                        integral           8     'h7                                                                                    
    [3]                        integral           8     'hef                                                                                   
    [4]                        integral           8     'hce                                                                                   
    ...                        ...                ...   ...                                                                                    
    [9]                        integral           8     'h15                                                                                   
    [10]                       integral           8     'h19                                                                                   
    [11]                       integral           8     'h5b                                                                                   
    [12]                       integral           8     'h5e                                                                                   
    [13]                       integral           8     'hde                                                                                   
  parity                       integral           8     'h97                                                                                   
  parity_type                  parity_type_e      32    GOOD_PARITY                                                                            
  packet_delay                 integral           1     'h1                                                                                    
  begin_time                   time               64    60                                                                                     
  depth                        int                32    'd4                                                                                    
  parent sequence (name)       string             8     rand_seq                                                                               
  parent sequence (full name)  string             87    uvm_test_top.inst_tb.environment.agent.sequencer.yapp_exhaustive_seq.y_seq_six.rand_seq
  sequencer                    string             48    uvm_test_top.inst_tb.environment.agent.sequencer                                       
-----------------------------------------------------------------------------------------------------------------------------------------------

UVM_INFO ./sv/yapp_tx_seqs.sv(208) @ 70: uvm_test_top.inst_tb.environment.agent.sequencer@@yapp_exhaustive_seq.y_seq_six.rand_seq [Counting in yapp_rnd_seq] Packet is = 6
UVM_INFO ./sv/yapp_tx_driver.sv(21) @ 80: uvm_test_top.inst_tb.environment.agent.driver [DRIVER] Packet is 
-----------------------------------------------------------------------------------------------------------------------------------------------
Name                           Type               Size  Value                                                                                  
-----------------------------------------------------------------------------------------------------------------------------------------------
req                            short_yapp_packet  -     @3856                                                                                  
  addr                         integral           2     'h0                                                                                    
  length                       integral           6     'h3                                                                                    
  payload                      da(integral)       3     -                                                                                      
    [0]                        integral           8     'h29                                                                                   
    [1]                        integral           8     'h47                                                                                   
    [2]                        integral           8     'hc1                                                                                   
  parity                       integral           8     'ha3                                                                                   
  parity_type                  parity_type_e      32    GOOD_PARITY                                                                            
  packet_delay                 integral           1     'h1                                                                                    
  begin_time                   time               64    70                                                                                     
  depth                        int                32    'd4                                                                                    
  parent sequence (name)       string             8     rand_seq                                                                               
  parent sequence (full name)  string             87    uvm_test_top.inst_tb.environment.agent.sequencer.yapp_exhaustive_seq.y_seq_six.rand_seq
  sequencer                    string             48    uvm_test_top.inst_tb.environment.agent.sequencer                                       
-----------------------------------------------------------------------------------------------------------------------------------------------

UVM_INFO ./sv/yapp_tx_seqs.sv(208) @ 80: uvm_test_top.inst_tb.environment.agent.sequencer@@yapp_exhaustive_seq.y_seq_six.rand_seq [Counting in yapp_rnd_seq] Packet is = 6
UVM_INFO ./sv/yapp_tx_driver.sv(21) @ 90: uvm_test_top.inst_tb.environment.agent.driver [DRIVER] Packet is 
-----------------------------------------------------------------------------------------------------------------------------------------------
Name                           Type               Size  Value                                                                                  
-----------------------------------------------------------------------------------------------------------------------------------------------
req                            short_yapp_packet  -     @3827                                                                                  
  addr                         integral           2     'h1                                                                                    
  length                       integral           6     'hc                                                                                    
  payload                      da(integral)       12    -                                                                                      
    [0]                        integral           8     'h46                                                                                   
    [1]                        integral           8     'ha                                                                                    
    [2]                        integral           8     'hc2                                                                                   
    [3]                        integral           8     'h97                                                                                   
    [4]                        integral           8     'hd                                                                                    
    ...                        ...                ...   ...                                                                                    
    [7]                        integral           8     'hf7                                                                                   
    [8]                        integral           8     'h99                                                                                   
    [9]                        integral           8     'h99                                                                                   
    [10]                       integral           8     'hb0                                                                                   
    [11]                       integral           8     'h10                                                                                   
  parity                       integral           8     'hce                                                                                   
  parity_type                  parity_type_e      32    GOOD_PARITY                                                                            
  packet_delay                 integral           1     'h1                                                                                    
  begin_time                   time               64    80                                                                                     
  depth                        int                32    'd4                                                                                    
  parent sequence (name)       string             8     rand_seq                                                                               
  parent sequence (full name)  string             87    uvm_test_top.inst_tb.environment.agent.sequencer.yapp_exhaustive_seq.y_seq_six.rand_seq
  sequencer                    string             48    uvm_test_top.inst_tb.environment.agent.sequencer                                       
-----------------------------------------------------------------------------------------------------------------------------------------------

UVM_INFO ./sv/yapp_tx_seqs.sv(230) @ 90: uvm_test_top.inst_tb.environment.agent.sequencer@@yapp_exhaustive_seq.y_seq_six [Counting in six_yapp_seq] Count is = 6
UVM_INFO ./sv/yapp_tx_seqs.sv(35) @ 90: uvm_test_top.inst_tb.environment.agent.sequencer@@yapp_exhaustive_seq [yapp_exhaustive_seq] drop objection
UVM_INFO /home/cc/mnt/XCELIUM2309/tools/methodology/UVM/CDNS-1.1d/sv/src/base/uvm_objection.svh(1268) @ 90: reporter [TEST_DONE] 'run' phase is ready to proceed to the 'extract' phase

--- UVM Report catcher Summary ---


Number of demoted UVM_FATAL reports  :    0
Number of demoted UVM_ERROR reports  :    0
Number of demoted UVM_WARNING reports:    0
Number of caught UVM_FATAL reports   :    0
Number of caught UVM_ERROR reports   :    0
Number of caught UVM_WARNING reports :    0

--- UVM Report Summary ---

** Report counts by severity
UVM_INFO :   34
UVM_WARNING :    0
UVM_ERROR :    0
UVM_FATAL :    0
** Report counts by id
[Counting in six_yapp_seq]     1
[Counting in yapp_rnd_seq]     9
[DRIVER]     9
[RNTST]     1
[TEST_DONE]     1
[UVMTOP]     1
[build_phase]     1
[exhaustive_test]     1
[test_phase]     1
[yapp_driver]     1
[yapp_env]     1
[yapp_exhaustive_seq]     3
[yapp_tx_agent]     1
[yapp_tx_monitor]     2
[yapp_tx_sequencer]     1
Simulation complete via $finish(1) at time 90 NS + 57
/home/cc/mnt/XCELIUM2309/tools/methodology/UVM/CDNS-1.1d/sv/src/base/uvm_root.svh:457     $finish;
xcelium> exit
TOOL:	xrun(64)	23.09-s006: Exiting on Jun 28, 2025 at 17:58:05 PKT  (total: 00:00:01)
